<?xml version="1.0" encoding="UTF-8"?>
<testng-results ignored="0" total="1" passed="1" failed="0" skipped="0">
  <reporter-output>
  </reporter-output>
  <suite started-at="2024-07-11T23:00:15 IST" name="Surefire suite" finished-at="2024-07-11T23:01:18 IST" duration-ms="62643">
    <groups>
    </groups>
    <test started-at="2024-07-11T23:00:15 IST" name="Surefire test" finished-at="2024-07-11T23:01:18 IST" duration-ms="62643">
      <class name="com.bdd_v2.AppTest">
        <test-method signature="shouldAnswerWithTrue()" started-at="2024-07-11T23:00:15 IST" name="shouldAnswerWithTrue" finished-at="2024-07-11T23:00:15 IST" duration-ms="5" status="PASS">
          <reporter-output>
          </reporter-output>
        </test-method> <!-- shouldAnswerWithTrue -->
      </class> <!-- com.bdd_v2.AppTest -->
    </test> <!-- Surefire test -->
  </suite> <!-- Surefire suite -->
</testng-results>
