<?xml version="1.0" encoding="UTF-8"?>
<testng-results ignored="0" total="1" passed="1" failed="0" skipped="0">
  <reporter-output>
  </reporter-output>
  <suite started-at="2024-07-11T00:54:30 IST" name="Surefire suite" finished-at="2024-07-11T00:54:53 IST" duration-ms="22666">
    <groups>
    </groups>
    <test started-at="2024-07-11T00:54:30 IST" name="Surefire test" finished-at="2024-07-11T00:54:53 IST" duration-ms="22666">
      <class name="com.bdd_v2.AppTest">
        <test-method signature="shouldAnswerWithTrue()" started-at="2024-07-11T00:54:31 IST" name="shouldAnswerWithTrue" finished-at="2024-07-11T00:54:31 IST" duration-ms="8" status="PASS">
          <reporter-output>
          </reporter-output>
        </test-method> <!-- shouldAnswerWithTrue -->
      </class> <!-- com.bdd_v2.AppTest -->
    </test> <!-- Surefire test -->
  </suite> <!-- Surefire suite -->
</testng-results>
